<?xml version="1.0" encoding="UTF-8"?>
<!-- Generated by org.testng.reporters.JUnitReportReporter -->
<testsuite skipped="0" hostname="LAPTOP-KPEO1V76" name="test.Testcase1" tests="3" failures="0" timestamp="09 May 2021 10:06:36 GMT" time="0.006" errors="0">
  <testcase name="HomeLoan" time="0.001" classname="test.Testcase1"/>
  <testcase name="UAT" time="0.001" classname="test.Testcase1"/>
  <testcase name="Demo" time="0.004" classname="test.Testcase1"/>
</testsuite> <!-- test.Testcase1 -->
