<?xml version="1.0" encoding="UTF-8"?>
<!-- Generated by org.testng.reporters.JUnitReportReporter -->
<testsuite skipped="0" hostname="LAPTOP-KPEO1V76" name="test.Testcase3" tests="3" failures="0" timestamp="18 Jun 2021 19:11:53 GMT" time="0.001" errors="0">
  <testcase name="HomeLoan3" time="0.000" classname="test.Testcase3"/>
  <testcase name="UAT3" time="0.000" classname="test.Testcase3"/>
  <testcase name="Demo3" time="0.001" classname="test.Testcase3"/>
</testsuite> <!-- test.Testcase3 -->
