<?xml version="1.0" encoding="UTF-8"?>
<!-- Generated by org.testng.reporters.JUnitReportReporter -->
<testsuite skipped="0" hostname="LAPTOP-KPEO1V76" name="test.Testcase2" tests="3" failures="0" timestamp="18 Jun 2021 11:41:22 GMT" time="0.008" errors="0">
  <testcase name="HomeLoan2" time="0.002" classname="test.Testcase2"/>
  <testcase name="Demo2" time="0.004" classname="test.Testcase2"/>
  <testcase name="UAT2" time="0.002" classname="test.Testcase2"/>
</testsuite> <!-- test.Testcase2 -->
